{"C:\\Projects\\MobileDevelopment\\ClassMate\\routes\\classes.js":{"path":"C:\\Projects\\MobileDevelopment\\ClassMate\\routes\\classes.js","s":{"1":1,"2":1,"3":1,"4":1,"5":0,"6":0,"7":0,"8":0,"9":1,"10":0,"11":0,"12":0,"13":0,"14":1,"15":0,"16":0,"17":0,"18":0,"19":0,"20":1,"21":0,"22":0,"23":0,"24":0,"25":0,"26":0,"27":0,"28":1,"29":0,"30":0,"31":0,"32":0,"33":0,"34":0,"35":0,"36":1},"b":{"1":[0,0],"2":[0,0],"3":[0,0],"4":[0,0],"5":[0,0],"6":[0,0],"7":[0,0]},"f":{"1":0,"2":0,"3":0,"4":0,"5":0,"6":0,"7":0,"8":0,"9":0,"10":0,"11":0,"12":0},"fnMap":{"1":{"name":"(anonymous_1)","line":5,"loc":{"start":{"line":5,"column":22},"end":{"line":5,"column":41}}},"2":{"name":"(anonymous_2)","line":6,"loc":{"start":{"line":6,"column":14},"end":{"line":6,"column":37}}},"3":{"name":"(anonymous_3)","line":14,"loc":{"start":{"line":14,"column":25},"end":{"line":14,"column":44}}},"4":{"name":"(anonymous_4)","line":15,"loc":{"start":{"line":15,"column":40},"end":{"line":15,"column":62}}},"5":{"name":"(anonymous_5)","line":23,"loc":{"start":{"line":23,"column":23},"end":{"line":23,"column":42}}},"6":{"name":"(anonymous_6)","line":25,"loc":{"start":{"line":25,"column":15},"end":{"line":25,"column":29}}},"7":{"name":"(anonymous_7)","line":33,"loc":{"start":{"line":33,"column":34},"end":{"line":33,"column":53}}},"8":{"name":"(anonymous_8)","line":34,"loc":{"start":{"line":34,"column":40},"end":{"line":34,"column":62}}},"9":{"name":"(anonymous_9)","line":38,"loc":{"start":{"line":38,"column":42},"end":{"line":38,"column":66}}},"10":{"name":"(anonymous_10)","line":47,"loc":{"start":{"line":47,"column":37},"end":{"line":47,"column":56}}},"11":{"name":"(anonymous_11)","line":48,"loc":{"start":{"line":48,"column":40},"end":{"line":48,"column":62}}},"12":{"name":"(anonymous_12)","line":52,"loc":{"start":{"line":52,"column":45},"end":{"line":52,"column":72}}}},"statementMap":{"1":{"start":{"line":1,"column":0},"end":{"line":1,"column":33}},"2":{"start":{"line":2,"column":0},"end":{"line":2,"column":30}},"3":{"start":{"line":3,"column":0},"end":{"line":3,"column":40}},"4":{"start":{"line":5,"column":0},"end":{"line":12,"column":3}},"5":{"start":{"line":6,"column":3},"end":{"line":11,"column":6}},"6":{"start":{"line":7,"column":5},"end":{"line":9,"column":6}},"7":{"start":{"line":8,"column":8},"end":{"line":8,"column":29}},"8":{"start":{"line":10,"column":3},"end":{"line":10,"column":21}},"9":{"start":{"line":14,"column":0},"end":{"line":21,"column":3}},"10":{"start":{"line":15,"column":3},"end":{"line":20,"column":6}},"11":{"start":{"line":16,"column":5},"end":{"line":18,"column":6}},"12":{"start":{"line":17,"column":8},"end":{"line":17,"column":29}},"13":{"start":{"line":19,"column":5},"end":{"line":19,"column":22}},"14":{"start":{"line":23,"column":0},"end":{"line":31,"column":3}},"15":{"start":{"line":24,"column":3},"end":{"line":24,"column":36}},"16":{"start":{"line":25,"column":3},"end":{"line":30,"column":6}},"17":{"start":{"line":26,"column":5},"end":{"line":28,"column":6}},"18":{"start":{"line":27,"column":8},"end":{"line":27,"column":29}},"19":{"start":{"line":29,"column":5},"end":{"line":29,"column":42}},"20":{"start":{"line":33,"column":0},"end":{"line":45,"column":3}},"21":{"start":{"line":34,"column":3},"end":{"line":44,"column":6}},"22":{"start":{"line":35,"column":5},"end":{"line":37,"column":6}},"23":{"start":{"line":36,"column":8},"end":{"line":36,"column":29}},"24":{"start":{"line":38,"column":5},"end":{"line":43,"column":7}},"25":{"start":{"line":39,"column":6},"end":{"line":41,"column":7}},"26":{"start":{"line":40,"column":9},"end":{"line":40,"column":30}},"27":{"start":{"line":42,"column":4},"end":{"line":42,"column":23}},"28":{"start":{"line":47,"column":0},"end":{"line":59,"column":3}},"29":{"start":{"line":48,"column":3},"end":{"line":58,"column":6}},"30":{"start":{"line":49,"column":5},"end":{"line":51,"column":6}},"31":{"start":{"line":50,"column":8},"end":{"line":50,"column":29}},"32":{"start":{"line":52,"column":5},"end":{"line":57,"column":7}},"33":{"start":{"line":53,"column":6},"end":{"line":55,"column":7}},"34":{"start":{"line":54,"column":9},"end":{"line":54,"column":30}},"35":{"start":{"line":56,"column":4},"end":{"line":56,"column":26}},"36":{"start":{"line":61,"column":0},"end":{"line":61,"column":24}}},"branchMap":{"1":{"line":7,"type":"if","locations":[{"start":{"line":7,"column":5},"end":{"line":7,"column":5}},{"start":{"line":7,"column":5},"end":{"line":7,"column":5}}]},"2":{"line":16,"type":"if","locations":[{"start":{"line":16,"column":5},"end":{"line":16,"column":5}},{"start":{"line":16,"column":5},"end":{"line":16,"column":5}}]},"3":{"line":26,"type":"if","locations":[{"start":{"line":26,"column":5},"end":{"line":26,"column":5}},{"start":{"line":26,"column":5},"end":{"line":26,"column":5}}]},"4":{"line":35,"type":"if","locations":[{"start":{"line":35,"column":5},"end":{"line":35,"column":5}},{"start":{"line":35,"column":5},"end":{"line":35,"column":5}}]},"5":{"line":39,"type":"if","locations":[{"start":{"line":39,"column":6},"end":{"line":39,"column":6}},{"start":{"line":39,"column":6},"end":{"line":39,"column":6}}]},"6":{"line":49,"type":"if","locations":[{"start":{"line":49,"column":5},"end":{"line":49,"column":5}},{"start":{"line":49,"column":5},"end":{"line":49,"column":5}}]},"7":{"line":53,"type":"if","locations":[{"start":{"line":53,"column":6},"end":{"line":53,"column":6}},{"start":{"line":53,"column":6},"end":{"line":53,"column":6}}]}}},"C:\\Projects\\MobileDevelopment\\ClassMate\\model\\classes.js":{"path":"C:\\Projects\\MobileDevelopment\\ClassMate\\model\\classes.js","s":{"1":1,"2":1,"3":1,"4":1},"b":{},"f":{},"fnMap":{},"statementMap":{"1":{"start":{"line":1,"column":0},"end":{"line":1,"column":35}},"2":{"start":{"line":2,"column":0},"end":{"line":2,"column":29}},"3":{"start":{"line":4,"column":0},"end":{"line":8,"column":3}},"4":{"start":{"line":10,"column":0},"end":{"line":10,"column":54}}},"branchMap":{}},"C:\\Projects\\MobileDevelopment\\ClassMate\\routes\\attendances.js":{"path":"C:\\Projects\\MobileDevelopment\\ClassMate\\routes\\attendances.js","s":{"1":1,"2":1,"3":1,"4":1,"5":0,"6":0,"7":0,"8":0,"9":1,"10":0,"11":0,"12":0,"13":0,"14":1,"15":0,"16":0,"17":0,"18":0,"19":0,"20":1},"b":{"1":[0,0],"2":[0,0],"3":[0,0]},"f":{"1":0,"2":0,"3":0,"4":0,"5":0,"6":0},"fnMap":{"1":{"name":"(anonymous_1)","line":6,"loc":{"start":{"line":6,"column":22},"end":{"line":6,"column":41}}},"2":{"name":"(anonymous_2)","line":7,"loc":{"start":{"line":7,"column":19},"end":{"line":7,"column":46}}},"3":{"name":"(anonymous_3)","line":16,"loc":{"start":{"line":16,"column":25},"end":{"line":16,"column":44}}},"4":{"name":"(anonymous_4)","line":17,"loc":{"start":{"line":17,"column":45},"end":{"line":17,"column":71}}},"5":{"name":"(anonymous_5)","line":26,"loc":{"start":{"line":26,"column":23},"end":{"line":26,"column":42}}},"6":{"name":"(anonymous_6)","line":28,"loc":{"start":{"line":28,"column":19},"end":{"line":28,"column":33}}}},"statementMap":{"1":{"start":{"line":1,"column":0},"end":{"line":1,"column":33}},"2":{"start":{"line":2,"column":0},"end":{"line":2,"column":49}},"3":{"start":{"line":3,"column":0},"end":{"line":3,"column":30}},"4":{"start":{"line":6,"column":0},"end":{"line":13,"column":3}},"5":{"start":{"line":7,"column":3},"end":{"line":12,"column":6}},"6":{"start":{"line":8,"column":5},"end":{"line":10,"column":6}},"7":{"start":{"line":9,"column":8},"end":{"line":9,"column":29}},"8":{"start":{"line":11,"column":3},"end":{"line":11,"column":25}},"9":{"start":{"line":16,"column":0},"end":{"line":23,"column":3}},"10":{"start":{"line":17,"column":3},"end":{"line":22,"column":6}},"11":{"start":{"line":18,"column":5},"end":{"line":20,"column":6}},"12":{"start":{"line":19,"column":8},"end":{"line":19,"column":29}},"13":{"start":{"line":21,"column":5},"end":{"line":21,"column":26}},"14":{"start":{"line":26,"column":0},"end":{"line":34,"column":3}},"15":{"start":{"line":27,"column":3},"end":{"line":27,"column":45}},"16":{"start":{"line":28,"column":3},"end":{"line":33,"column":6}},"17":{"start":{"line":29,"column":5},"end":{"line":31,"column":6}},"18":{"start":{"line":30,"column":8},"end":{"line":30,"column":29}},"19":{"start":{"line":32,"column":5},"end":{"line":32,"column":48}},"20":{"start":{"line":36,"column":0},"end":{"line":36,"column":24}}},"branchMap":{"1":{"line":8,"type":"if","locations":[{"start":{"line":8,"column":5},"end":{"line":8,"column":5}},{"start":{"line":8,"column":5},"end":{"line":8,"column":5}}]},"2":{"line":18,"type":"if","locations":[{"start":{"line":18,"column":5},"end":{"line":18,"column":5}},{"start":{"line":18,"column":5},"end":{"line":18,"column":5}}]},"3":{"line":29,"type":"if","locations":[{"start":{"line":29,"column":5},"end":{"line":29,"column":5}},{"start":{"line":29,"column":5},"end":{"line":29,"column":5}}]}}},"C:\\Projects\\MobileDevelopment\\ClassMate\\model\\attendances.js":{"path":"C:\\Projects\\MobileDevelopment\\ClassMate\\model\\attendances.js","s":{"1":1,"2":1,"3":1,"4":1},"b":{},"f":{},"fnMap":{},"statementMap":{"1":{"start":{"line":1,"column":0},"end":{"line":1,"column":35}},"2":{"start":{"line":2,"column":0},"end":{"line":2,"column":29}},"3":{"start":{"line":4,"column":0},"end":{"line":17,"column":3}},"4":{"start":{"line":19,"column":0},"end":{"line":19,"column":64}}},"branchMap":{}},"C:\\Projects\\MobileDevelopment\\ClassMate\\routes\\messages.js":{"path":"C:\\Projects\\MobileDevelopment\\ClassMate\\routes\\messages.js","s":{"1":1,"2":1,"3":1,"4":1,"5":0,"6":0,"7":0,"8":0,"9":1,"10":0,"11":0,"12":0,"13":0,"14":1,"15":0,"16":0,"17":0,"18":0,"19":0,"20":1},"b":{"1":[0,0],"2":[0,0],"3":[0,0]},"f":{"1":0,"2":0,"3":0,"4":0,"5":0,"6":0},"fnMap":{"1":{"name":"(anonymous_1)","line":6,"loc":{"start":{"line":6,"column":22},"end":{"line":6,"column":41}}},"2":{"name":"(anonymous_2)","line":7,"loc":{"start":{"line":7,"column":16},"end":{"line":7,"column":40}}},"3":{"name":"(anonymous_3)","line":16,"loc":{"start":{"line":16,"column":25},"end":{"line":16,"column":44}}},"4":{"name":"(anonymous_4)","line":17,"loc":{"start":{"line":17,"column":42},"end":{"line":17,"column":65}}},"5":{"name":"(anonymous_5)","line":26,"loc":{"start":{"line":26,"column":23},"end":{"line":26,"column":42}}},"6":{"name":"(anonymous_6)","line":28,"loc":{"start":{"line":28,"column":16},"end":{"line":28,"column":30}}}},"statementMap":{"1":{"start":{"line":1,"column":0},"end":{"line":1,"column":33}},"2":{"start":{"line":2,"column":0},"end":{"line":2,"column":43}},"3":{"start":{"line":3,"column":0},"end":{"line":3,"column":30}},"4":{"start":{"line":6,"column":0},"end":{"line":13,"column":3}},"5":{"start":{"line":7,"column":3},"end":{"line":12,"column":6}},"6":{"start":{"line":8,"column":5},"end":{"line":10,"column":6}},"7":{"start":{"line":9,"column":8},"end":{"line":9,"column":29}},"8":{"start":{"line":11,"column":3},"end":{"line":11,"column":22}},"9":{"start":{"line":16,"column":0},"end":{"line":23,"column":3}},"10":{"start":{"line":17,"column":3},"end":{"line":22,"column":6}},"11":{"start":{"line":18,"column":5},"end":{"line":20,"column":6}},"12":{"start":{"line":19,"column":8},"end":{"line":19,"column":29}},"13":{"start":{"line":21,"column":5},"end":{"line":21,"column":23}},"14":{"start":{"line":26,"column":0},"end":{"line":34,"column":3}},"15":{"start":{"line":27,"column":3},"end":{"line":27,"column":39}},"16":{"start":{"line":28,"column":3},"end":{"line":33,"column":6}},"17":{"start":{"line":29,"column":5},"end":{"line":31,"column":6}},"18":{"start":{"line":30,"column":8},"end":{"line":30,"column":29}},"19":{"start":{"line":32,"column":5},"end":{"line":32,"column":44}},"20":{"start":{"line":36,"column":0},"end":{"line":36,"column":24}}},"branchMap":{"1":{"line":8,"type":"if","locations":[{"start":{"line":8,"column":5},"end":{"line":8,"column":5}},{"start":{"line":8,"column":5},"end":{"line":8,"column":5}}]},"2":{"line":18,"type":"if","locations":[{"start":{"line":18,"column":5},"end":{"line":18,"column":5}},{"start":{"line":18,"column":5},"end":{"line":18,"column":5}}]},"3":{"line":29,"type":"if","locations":[{"start":{"line":29,"column":5},"end":{"line":29,"column":5}},{"start":{"line":29,"column":5},"end":{"line":29,"column":5}}]}}},"C:\\Projects\\MobileDevelopment\\ClassMate\\model\\messages.js":{"path":"C:\\Projects\\MobileDevelopment\\ClassMate\\model\\messages.js","s":{"1":1,"2":1,"3":1,"4":1},"b":{},"f":{},"fnMap":{},"statementMap":{"1":{"start":{"line":1,"column":0},"end":{"line":1,"column":35}},"2":{"start":{"line":2,"column":0},"end":{"line":2,"column":29}},"3":{"start":{"line":4,"column":0},"end":{"line":10,"column":3}},"4":{"start":{"line":12,"column":0},"end":{"line":12,"column":58}}},"branchMap":{}}}