{"C:\\Projects\\MobileDevelopment\\ClassMate\\routes\\courses.js":{"path":"C:\\Projects\\MobileDevelopment\\ClassMate\\routes\\courses.js","s":{"1":1,"2":1,"3":1,"4":1,"5":6,"6":6,"7":0,"8":6,"9":6,"10":1,"11":1,"12":1,"13":0,"14":1,"15":1,"16":1,"17":3,"18":3,"19":0,"20":3,"21":3,"22":3,"23":3,"24":3,"25":1,"26":1,"27":1,"28":0,"29":1,"30":1,"31":1,"32":1,"33":1,"34":0,"35":1,"36":1,"37":1,"38":1,"39":1,"40":1,"41":1,"42":1,"43":0,"44":1,"45":1,"46":1,"47":1,"48":1,"49":1,"50":0,"51":0,"52":0,"53":0,"54":0,"55":0,"56":0,"57":0,"58":0,"59":0,"60":0,"61":0,"62":1,"63":0,"64":0,"65":0,"66":0,"67":0,"68":0,"69":0,"70":0,"71":0,"72":1,"73":0,"74":0,"75":0,"76":0,"77":0,"78":0,"79":0,"80":0,"81":0,"82":0,"83":0,"84":0,"85":1,"86":0,"87":0,"88":0,"89":0,"90":0,"91":0,"92":0,"93":0,"94":1,"95":1,"96":1,"97":1,"98":1,"99":0,"100":0,"101":1,"102":0,"103":0,"104":0,"105":0,"106":0,"107":1},"b":{"1":[0,6],"2":[0,1],"3":[0,3],"4":[0,1],"5":[0,1],"6":[0,1],"7":[0,0],"8":[0,0],"9":[0,0],"10":[0,0],"11":[0,0],"12":[0,0],"13":[0,0],"14":[0,0],"15":[1,0],"16":[0,0]},"f":{"1":6,"2":6,"3":1,"4":1,"5":3,"6":3,"7":1,"8":1,"9":1,"10":1,"11":1,"12":1,"13":0,"14":0,"15":0,"16":0,"17":0,"18":0,"19":0,"20":0,"21":0,"22":0,"23":0,"24":0,"25":1,"26":1,"27":0,"28":0},"fnMap":{"1":{"name":"(anonymous_1)","line":6,"loc":{"start":{"line":6,"column":22},"end":{"line":6,"column":41}}},"2":{"name":"(anonymous_2)","line":7,"loc":{"start":{"line":7,"column":54},"end":{"line":7,"column":73}}},"3":{"name":"(anonymous_3)","line":17,"loc":{"start":{"line":17,"column":25},"end":{"line":17,"column":44}}},"4":{"name":"(anonymous_4)","line":18,"loc":{"start":{"line":18,"column":75},"end":{"line":18,"column":94}}},"5":{"name":"(anonymous_5)","line":28,"loc":{"start":{"line":28,"column":33},"end":{"line":28,"column":52}}},"6":{"name":"(anonymous_6)","line":29,"loc":{"start":{"line":29,"column":42},"end":{"line":29,"column":61}}},"7":{"name":"(anonymous_7)","line":43,"loc":{"start":{"line":43,"column":38},"end":{"line":43,"column":57}}},"8":{"name":"(anonymous_8)","line":44,"loc":{"start":{"line":44,"column":42},"end":{"line":44,"column":61}}},"9":{"name":"(anonymous_9)","line":54,"loc":{"start":{"line":54,"column":47},"end":{"line":54,"column":66}}},"10":{"name":"(anonymous_10)","line":55,"loc":{"start":{"line":55,"column":42},"end":{"line":55,"column":61}}},"11":{"name":"(anonymous_11)","line":69,"loc":{"start":{"line":69,"column":50},"end":{"line":69,"column":69}}},"12":{"name":"(anonymous_12)","line":70,"loc":{"start":{"line":70,"column":42},"end":{"line":70,"column":61}}},"13":{"name":"(anonymous_13)","line":84,"loc":{"start":{"line":84,"column":48},"end":{"line":84,"column":67}}},"14":{"name":"(anonymous_14)","line":85,"loc":{"start":{"line":85,"column":42},"end":{"line":85,"column":61}}},"15":{"name":"(anonymous_15)","line":94,"loc":{"start":{"line":94,"column":16},"end":{"line":94,"column":42}}},"16":{"name":"(anonymous_16)","line":105,"loc":{"start":{"line":105,"column":39},"end":{"line":105,"column":58}}},"17":{"name":"(anonymous_17)","line":106,"loc":{"start":{"line":106,"column":42},"end":{"line":106,"column":61}}},"18":{"name":"(anonymous_18)","line":111,"loc":{"start":{"line":111,"column":15},"end":{"line":111,"column":41}}},"19":{"name":"(anonymous_19)","line":122,"loc":{"start":{"line":122,"column":51},"end":{"line":122,"column":70}}},"20":{"name":"(anonymous_20)","line":123,"loc":{"start":{"line":123,"column":42},"end":{"line":123,"column":61}}},"21":{"name":"(anonymous_21)","line":132,"loc":{"start":{"line":132,"column":16},"end":{"line":132,"column":42}}},"22":{"name":"(anonymous_22)","line":143,"loc":{"start":{"line":143,"column":26},"end":{"line":143,"column":45}}},"23":{"name":"(anonymous_23)","line":144,"loc":{"start":{"line":144,"column":42},"end":{"line":144,"column":64}}},"24":{"name":"(anonymous_24)","line":148,"loc":{"start":{"line":148,"column":26},"end":{"line":148,"column":40}}},"25":{"name":"(anonymous_25)","line":159,"loc":{"start":{"line":159,"column":23},"end":{"line":159,"column":42}}},"26":{"name":"(anonymous_26)","line":161,"loc":{"start":{"line":161,"column":15},"end":{"line":161,"column":29}}},"27":{"name":"(anonymous_27)","line":173,"loc":{"start":{"line":173,"column":29},"end":{"line":173,"column":48}}},"28":{"name":"(anonymous_28)","line":174,"loc":{"start":{"line":174,"column":30},"end":{"line":174,"column":44}}}},"statementMap":{"1":{"start":{"line":1,"column":0},"end":{"line":1,"column":33}},"2":{"start":{"line":2,"column":0},"end":{"line":2,"column":30}},"3":{"start":{"line":3,"column":0},"end":{"line":3,"column":41}},"4":{"start":{"line":6,"column":0},"end":{"line":14,"column":3}},"5":{"start":{"line":7,"column":2},"end":{"line":13,"column":5}},"6":{"start":{"line":8,"column":4},"end":{"line":10,"column":5}},"7":{"start":{"line":9,"column":6},"end":{"line":9,"column":27}},"8":{"start":{"line":11,"column":4},"end":{"line":11,"column":31}},"9":{"start":{"line":12,"column":4},"end":{"line":12,"column":20}},"10":{"start":{"line":17,"column":0},"end":{"line":25,"column":3}},"11":{"start":{"line":18,"column":1},"end":{"line":24,"column":5}},"12":{"start":{"line":19,"column":4},"end":{"line":21,"column":5}},"13":{"start":{"line":20,"column":7},"end":{"line":20,"column":28}},"14":{"start":{"line":22,"column":4},"end":{"line":22,"column":19}},"15":{"start":{"line":23,"column":4},"end":{"line":23,"column":20}},"16":{"start":{"line":28,"column":0},"end":{"line":40,"column":3}},"17":{"start":{"line":29,"column":3},"end":{"line":39,"column":6}},"18":{"start":{"line":30,"column":5},"end":{"line":32,"column":6}},"19":{"start":{"line":31,"column":7},"end":{"line":31,"column":28}},"20":{"start":{"line":33,"column":8},"end":{"line":36,"column":9}},"21":{"start":{"line":34,"column":12},"end":{"line":34,"column":44}},"22":{"start":{"line":35,"column":12},"end":{"line":35,"column":47}},"23":{"start":{"line":37,"column":5},"end":{"line":37,"column":41}},"24":{"start":{"line":38,"column":5},"end":{"line":38,"column":21}},"25":{"start":{"line":43,"column":0},"end":{"line":51,"column":3}},"26":{"start":{"line":44,"column":3},"end":{"line":50,"column":6}},"27":{"start":{"line":45,"column":5},"end":{"line":47,"column":6}},"28":{"start":{"line":46,"column":7},"end":{"line":46,"column":28}},"29":{"start":{"line":48,"column":5},"end":{"line":48,"column":51}},"30":{"start":{"line":49,"column":5},"end":{"line":49,"column":21}},"31":{"start":{"line":54,"column":0},"end":{"line":66,"column":3}},"32":{"start":{"line":55,"column":3},"end":{"line":65,"column":6}},"33":{"start":{"line":56,"column":5},"end":{"line":58,"column":6}},"34":{"start":{"line":57,"column":7},"end":{"line":57,"column":28}},"35":{"start":{"line":59,"column":5},"end":{"line":59,"column":21}},"36":{"start":{"line":60,"column":5},"end":{"line":62,"column":6}},"37":{"start":{"line":61,"column":8},"end":{"line":61,"column":54}},"38":{"start":{"line":63,"column":6},"end":{"line":63,"column":62}},"39":{"start":{"line":64,"column":6},"end":{"line":64,"column":22}},"40":{"start":{"line":69,"column":0},"end":{"line":81,"column":3}},"41":{"start":{"line":70,"column":3},"end":{"line":80,"column":6}},"42":{"start":{"line":71,"column":5},"end":{"line":73,"column":6}},"43":{"start":{"line":72,"column":7},"end":{"line":72,"column":28}},"44":{"start":{"line":74,"column":5},"end":{"line":74,"column":21}},"45":{"start":{"line":75,"column":5},"end":{"line":77,"column":6}},"46":{"start":{"line":76,"column":8},"end":{"line":76,"column":54}},"47":{"start":{"line":78,"column":6},"end":{"line":78,"column":68}},"48":{"start":{"line":79,"column":6},"end":{"line":79,"column":22}},"49":{"start":{"line":84,"column":0},"end":{"line":102,"column":3}},"50":{"start":{"line":85,"column":3},"end":{"line":101,"column":6}},"51":{"start":{"line":86,"column":5},"end":{"line":88,"column":6}},"52":{"start":{"line":87,"column":7},"end":{"line":87,"column":28}},"53":{"start":{"line":89,"column":5},"end":{"line":89,"column":21}},"54":{"start":{"line":90,"column":5},"end":{"line":92,"column":6}},"55":{"start":{"line":91,"column":8},"end":{"line":91,"column":54}},"56":{"start":{"line":93,"column":5},"end":{"line":93,"column":52}},"57":{"start":{"line":94,"column":6},"end":{"line":100,"column":7}},"58":{"start":{"line":95,"column":8},"end":{"line":99,"column":7}},"59":{"start":{"line":95,"column":17},"end":{"line":95,"column":56}},"60":{"start":{"line":97,"column":9},"end":{"line":97,"column":25}},"61":{"start":{"line":98,"column":9},"end":{"line":98,"column":48}},"62":{"start":{"line":105,"column":0},"end":{"line":119,"column":3}},"63":{"start":{"line":106,"column":3},"end":{"line":118,"column":6}},"64":{"start":{"line":107,"column":5},"end":{"line":109,"column":6}},"65":{"start":{"line":108,"column":7},"end":{"line":108,"column":28}},"66":{"start":{"line":110,"column":5},"end":{"line":110,"column":38}},"67":{"start":{"line":111,"column":5},"end":{"line":117,"column":7}},"68":{"start":{"line":112,"column":8},"end":{"line":116,"column":7}},"69":{"start":{"line":112,"column":17},"end":{"line":112,"column":56}},"70":{"start":{"line":114,"column":9},"end":{"line":114,"column":25}},"71":{"start":{"line":115,"column":9},"end":{"line":115,"column":52}},"72":{"start":{"line":122,"column":0},"end":{"line":140,"column":3}},"73":{"start":{"line":123,"column":3},"end":{"line":139,"column":6}},"74":{"start":{"line":124,"column":5},"end":{"line":126,"column":6}},"75":{"start":{"line":125,"column":8},"end":{"line":125,"column":29}},"76":{"start":{"line":127,"column":5},"end":{"line":127,"column":21}},"77":{"start":{"line":128,"column":5},"end":{"line":130,"column":6}},"78":{"start":{"line":129,"column":8},"end":{"line":129,"column":54}},"79":{"start":{"line":131,"column":5},"end":{"line":131,"column":55}},"80":{"start":{"line":132,"column":6},"end":{"line":138,"column":7}},"81":{"start":{"line":133,"column":8},"end":{"line":137,"column":7}},"82":{"start":{"line":133,"column":17},"end":{"line":133,"column":56}},"83":{"start":{"line":135,"column":9},"end":{"line":135,"column":25}},"84":{"start":{"line":136,"column":9},"end":{"line":136,"column":51}},"85":{"start":{"line":143,"column":0},"end":{"line":156,"column":3}},"86":{"start":{"line":144,"column":3},"end":{"line":155,"column":6}},"87":{"start":{"line":145,"column":5},"end":{"line":147,"column":6}},"88":{"start":{"line":146,"column":9},"end":{"line":146,"column":30}},"89":{"start":{"line":148,"column":5},"end":{"line":154,"column":8}},"90":{"start":{"line":149,"column":8},"end":{"line":151,"column":9}},"91":{"start":{"line":150,"column":10},"end":{"line":150,"column":31}},"92":{"start":{"line":152,"column":8},"end":{"line":152,"column":24}},"93":{"start":{"line":153,"column":8},"end":{"line":153,"column":48}},"94":{"start":{"line":159,"column":0},"end":{"line":169,"column":3}},"95":{"start":{"line":160,"column":3},"end":{"line":160,"column":37}},"96":{"start":{"line":161,"column":3},"end":{"line":168,"column":5}},"97":{"start":{"line":162,"column":4},"end":{"line":165,"column":5}},"98":{"start":{"line":164,"column":5},"end":{"line":164,"column":26}},"99":{"start":{"line":166,"column":4},"end":{"line":166,"column":42}},"100":{"start":{"line":167,"column":8},"end":{"line":167,"column":24}},"101":{"start":{"line":173,"column":0},"end":{"line":181,"column":3}},"102":{"start":{"line":174,"column":1},"end":{"line":180,"column":4}},"103":{"start":{"line":175,"column":2},"end":{"line":177,"column":3}},"104":{"start":{"line":176,"column":3},"end":{"line":176,"column":24}},"105":{"start":{"line":178,"column":2},"end":{"line":178,"column":18}},"106":{"start":{"line":179,"column":2},"end":{"line":179,"column":41}},"107":{"start":{"line":183,"column":0},"end":{"line":183,"column":24}}},"branchMap":{"1":{"line":8,"type":"if","locations":[{"start":{"line":8,"column":4},"end":{"line":8,"column":4}},{"start":{"line":8,"column":4},"end":{"line":8,"column":4}}]},"2":{"line":19,"type":"if","locations":[{"start":{"line":19,"column":4},"end":{"line":19,"column":4}},{"start":{"line":19,"column":4},"end":{"line":19,"column":4}}]},"3":{"line":30,"type":"if","locations":[{"start":{"line":30,"column":5},"end":{"line":30,"column":5}},{"start":{"line":30,"column":5},"end":{"line":30,"column":5}}]},"4":{"line":45,"type":"if","locations":[{"start":{"line":45,"column":5},"end":{"line":45,"column":5}},{"start":{"line":45,"column":5},"end":{"line":45,"column":5}}]},"5":{"line":56,"type":"if","locations":[{"start":{"line":56,"column":5},"end":{"line":56,"column":5}},{"start":{"line":56,"column":5},"end":{"line":56,"column":5}}]},"6":{"line":71,"type":"if","locations":[{"start":{"line":71,"column":5},"end":{"line":71,"column":5}},{"start":{"line":71,"column":5},"end":{"line":71,"column":5}}]},"7":{"line":86,"type":"if","locations":[{"start":{"line":86,"column":5},"end":{"line":86,"column":5}},{"start":{"line":86,"column":5},"end":{"line":86,"column":5}}]},"8":{"line":95,"type":"if","locations":[{"start":{"line":95,"column":8},"end":{"line":95,"column":8}},{"start":{"line":95,"column":8},"end":{"line":95,"column":8}}]},"9":{"line":107,"type":"if","locations":[{"start":{"line":107,"column":5},"end":{"line":107,"column":5}},{"start":{"line":107,"column":5},"end":{"line":107,"column":5}}]},"10":{"line":112,"type":"if","locations":[{"start":{"line":112,"column":8},"end":{"line":112,"column":8}},{"start":{"line":112,"column":8},"end":{"line":112,"column":8}}]},"11":{"line":124,"type":"if","locations":[{"start":{"line":124,"column":5},"end":{"line":124,"column":5}},{"start":{"line":124,"column":5},"end":{"line":124,"column":5}}]},"12":{"line":133,"type":"if","locations":[{"start":{"line":133,"column":8},"end":{"line":133,"column":8}},{"start":{"line":133,"column":8},"end":{"line":133,"column":8}}]},"13":{"line":145,"type":"if","locations":[{"start":{"line":145,"column":5},"end":{"line":145,"column":5}},{"start":{"line":145,"column":5},"end":{"line":145,"column":5}}]},"14":{"line":149,"type":"if","locations":[{"start":{"line":149,"column":8},"end":{"line":149,"column":8}},{"start":{"line":149,"column":8},"end":{"line":149,"column":8}}]},"15":{"line":162,"type":"if","locations":[{"start":{"line":162,"column":4},"end":{"line":162,"column":4}},{"start":{"line":162,"column":4},"end":{"line":162,"column":4}}]},"16":{"line":175,"type":"if","locations":[{"start":{"line":175,"column":2},"end":{"line":175,"column":2}},{"start":{"line":175,"column":2},"end":{"line":175,"column":2}}]}}},"C:\\Projects\\MobileDevelopment\\ClassMate\\models\\course.js":{"path":"C:\\Projects\\MobileDevelopment\\ClassMate\\models\\course.js","s":{"1":1,"2":1,"3":1,"4":1},"b":{},"f":{},"fnMap":{},"statementMap":{"1":{"start":{"line":1,"column":0},"end":{"line":1,"column":35}},"2":{"start":{"line":2,"column":0},"end":{"line":2,"column":29}},"3":{"start":{"line":4,"column":0},"end":{"line":30,"column":3}},"4":{"start":{"line":32,"column":0},"end":{"line":32,"column":56}}},"branchMap":{}},"C:\\Projects\\MobileDevelopment\\ClassMate\\routes\\users.js":{"path":"C:\\Projects\\MobileDevelopment\\ClassMate\\routes\\users.js","s":{"1":1,"2":1,"3":1,"4":1,"5":1,"6":1,"7":0,"8":1,"9":1,"10":1,"11":0,"12":0,"13":0,"14":0,"15":0,"16":1,"17":0,"18":0,"19":0,"20":0,"21":0,"22":0,"23":0,"24":0,"25":1,"26":0,"27":0,"28":0,"29":0,"30":0,"31":0,"32":1,"33":0,"34":0,"35":0,"36":0,"37":0,"38":0,"39":0,"40":0,"41":0,"42":1,"43":0,"44":0,"45":0,"46":0,"47":0,"48":1},"b":{"1":[0,1],"2":[0,0],"3":[0,0],"4":[0,0],"5":[0,0],"6":[0,0],"7":[0,0],"8":[0,0]},"f":{"1":1,"2":1,"3":0,"4":0,"5":0,"6":0,"7":0,"8":0,"9":0,"10":0,"11":0,"12":0,"13":0,"14":0},"fnMap":{"1":{"name":"(anonymous_1)","line":6,"loc":{"start":{"line":6,"column":22},"end":{"line":6,"column":41}}},"2":{"name":"(anonymous_2)","line":7,"loc":{"start":{"line":7,"column":16},"end":{"line":7,"column":35}}},"3":{"name":"(anonymous_3)","line":17,"loc":{"start":{"line":17,"column":25},"end":{"line":17,"column":44}}},"4":{"name":"(anonymous_4)","line":18,"loc":{"start":{"line":18,"column":38},"end":{"line":18,"column":57}}},"5":{"name":"(anonymous_5)","line":28,"loc":{"start":{"line":28,"column":26},"end":{"line":28,"column":45}}},"6":{"name":"(anonymous_6)","line":29,"loc":{"start":{"line":29,"column":40},"end":{"line":29,"column":60}}},"7":{"name":"(anonymous_7)","line":33,"loc":{"start":{"line":33,"column":24},"end":{"line":33,"column":38}}},"8":{"name":"(anonymous_8)","line":44,"loc":{"start":{"line":44,"column":23},"end":{"line":44,"column":42}}},"9":{"name":"(anonymous_9)","line":46,"loc":{"start":{"line":46,"column":13},"end":{"line":46,"column":27}}},"10":{"name":"(anonymous_10)","line":57,"loc":{"start":{"line":57,"column":35},"end":{"line":57,"column":54}}},"11":{"name":"(anonymous_11)","line":58,"loc":{"start":{"line":58,"column":41},"end":{"line":58,"column":61}}},"12":{"name":"(anonymous_12)","line":63,"loc":{"start":{"line":63,"column":25},"end":{"line":63,"column":39}}},"13":{"name":"(anonymous_13)","line":74,"loc":{"start":{"line":74,"column":29},"end":{"line":74,"column":48}}},"14":{"name":"(anonymous_14)","line":75,"loc":{"start":{"line":75,"column":28},"end":{"line":75,"column":42}}}},"statementMap":{"1":{"start":{"line":1,"column":0},"end":{"line":1,"column":33}},"2":{"start":{"line":2,"column":0},"end":{"line":2,"column":30}},"3":{"start":{"line":3,"column":0},"end":{"line":3,"column":37}},"4":{"start":{"line":6,"column":0},"end":{"line":14,"column":3}},"5":{"start":{"line":7,"column":2},"end":{"line":13,"column":5}},"6":{"start":{"line":8,"column":4},"end":{"line":10,"column":5}},"7":{"start":{"line":9,"column":6},"end":{"line":9,"column":27}},"8":{"start":{"line":11,"column":4},"end":{"line":11,"column":29}},"9":{"start":{"line":12,"column":4},"end":{"line":12,"column":20}},"10":{"start":{"line":17,"column":0},"end":{"line":25,"column":3}},"11":{"start":{"line":18,"column":1},"end":{"line":24,"column":5}},"12":{"start":{"line":19,"column":4},"end":{"line":21,"column":5}},"13":{"start":{"line":20,"column":7},"end":{"line":20,"column":28}},"14":{"start":{"line":22,"column":4},"end":{"line":22,"column":19}},"15":{"start":{"line":23,"column":4},"end":{"line":23,"column":20}},"16":{"start":{"line":28,"column":0},"end":{"line":41,"column":3}},"17":{"start":{"line":29,"column":3},"end":{"line":40,"column":6}},"18":{"start":{"line":30,"column":5},"end":{"line":32,"column":6}},"19":{"start":{"line":31,"column":9},"end":{"line":31,"column":30}},"20":{"start":{"line":33,"column":5},"end":{"line":39,"column":8}},"21":{"start":{"line":34,"column":8},"end":{"line":36,"column":9}},"22":{"start":{"line":35,"column":10},"end":{"line":35,"column":31}},"23":{"start":{"line":37,"column":8},"end":{"line":37,"column":24}},"24":{"start":{"line":38,"column":8},"end":{"line":38,"column":46}},"25":{"start":{"line":44,"column":0},"end":{"line":54,"column":3}},"26":{"start":{"line":45,"column":3},"end":{"line":45,"column":33}},"27":{"start":{"line":46,"column":3},"end":{"line":53,"column":6}},"28":{"start":{"line":47,"column":4},"end":{"line":50,"column":5}},"29":{"start":{"line":49,"column":5},"end":{"line":49,"column":26}},"30":{"start":{"line":51,"column":4},"end":{"line":51,"column":40}},"31":{"start":{"line":52,"column":8},"end":{"line":52,"column":24}},"32":{"start":{"line":57,"column":0},"end":{"line":71,"column":3}},"33":{"start":{"line":58,"column":4},"end":{"line":70,"column":7}},"34":{"start":{"line":59,"column":6},"end":{"line":61,"column":7}},"35":{"start":{"line":60,"column":10},"end":{"line":60,"column":31}},"36":{"start":{"line":62,"column":6},"end":{"line":62,"column":34}},"37":{"start":{"line":63,"column":6},"end":{"line":69,"column":9}},"38":{"start":{"line":64,"column":10},"end":{"line":66,"column":11}},"39":{"start":{"line":65,"column":12},"end":{"line":65,"column":33}},"40":{"start":{"line":67,"column":10},"end":{"line":67,"column":26}},"41":{"start":{"line":68,"column":10},"end":{"line":68,"column":56}},"42":{"start":{"line":74,"column":0},"end":{"line":82,"column":3}},"43":{"start":{"line":75,"column":1},"end":{"line":81,"column":4}},"44":{"start":{"line":76,"column":2},"end":{"line":78,"column":3}},"45":{"start":{"line":77,"column":3},"end":{"line":77,"column":24}},"46":{"start":{"line":79,"column":2},"end":{"line":79,"column":18}},"47":{"start":{"line":80,"column":2},"end":{"line":80,"column":39}},"48":{"start":{"line":84,"column":0},"end":{"line":84,"column":24}}},"branchMap":{"1":{"line":8,"type":"if","locations":[{"start":{"line":8,"column":4},"end":{"line":8,"column":4}},{"start":{"line":8,"column":4},"end":{"line":8,"column":4}}]},"2":{"line":19,"type":"if","locations":[{"start":{"line":19,"column":4},"end":{"line":19,"column":4}},{"start":{"line":19,"column":4},"end":{"line":19,"column":4}}]},"3":{"line":30,"type":"if","locations":[{"start":{"line":30,"column":5},"end":{"line":30,"column":5}},{"start":{"line":30,"column":5},"end":{"line":30,"column":5}}]},"4":{"line":34,"type":"if","locations":[{"start":{"line":34,"column":8},"end":{"line":34,"column":8}},{"start":{"line":34,"column":8},"end":{"line":34,"column":8}}]},"5":{"line":47,"type":"if","locations":[{"start":{"line":47,"column":4},"end":{"line":47,"column":4}},{"start":{"line":47,"column":4},"end":{"line":47,"column":4}}]},"6":{"line":59,"type":"if","locations":[{"start":{"line":59,"column":6},"end":{"line":59,"column":6}},{"start":{"line":59,"column":6},"end":{"line":59,"column":6}}]},"7":{"line":64,"type":"if","locations":[{"start":{"line":64,"column":10},"end":{"line":64,"column":10}},{"start":{"line":64,"column":10},"end":{"line":64,"column":10}}]},"8":{"line":76,"type":"if","locations":[{"start":{"line":76,"column":2},"end":{"line":76,"column":2}},{"start":{"line":76,"column":2},"end":{"line":76,"column":2}}]}}},"C:\\Projects\\MobileDevelopment\\ClassMate\\models\\user.js":{"path":"C:\\Projects\\MobileDevelopment\\ClassMate\\models\\user.js","s":{"1":1,"2":1,"3":1,"4":1,"5":0,"6":1,"7":0,"8":1},"b":{},"f":{"1":0,"2":0},"fnMap":{"1":{"name":"(anonymous_1)","line":23,"loc":{"start":{"line":23,"column":34},"end":{"line":23,"column":53}}},"2":{"name":"(anonymous_2)","line":28,"loc":{"start":{"line":28,"column":35},"end":{"line":28,"column":54}}}},"statementMap":{"1":{"start":{"line":3,"column":0},"end":{"line":3,"column":35}},"2":{"start":{"line":4,"column":0},"end":{"line":4,"column":40}},"3":{"start":{"line":7,"column":0},"end":{"line":19,"column":3}},"4":{"start":{"line":23,"column":0},"end":{"line":25,"column":2}},"5":{"start":{"line":24,"column":4},"end":{"line":24,"column":66}},"6":{"start":{"line":28,"column":0},"end":{"line":30,"column":2}},"7":{"start":{"line":29,"column":4},"end":{"line":29,"column":61}},"8":{"start":{"line":33,"column":0},"end":{"line":33,"column":52}}},"branchMap":{}}}