TN:
SF:C:\Projects\MobileDevelopment\ClassMate\routes\api\courses.js
FN:11,(anonymous_1)
FN:27,(anonymous_2)
FN:43,(anonymous_3)
FN:55,(anonymous_4)
FN:76,(anonymous_5)
FN:79,(anonymous_6)
FN:102,(anonymous_7)
FN:105,(anonymous_8)
FN:128,(anonymous_9)
FN:135,(anonymous_10)
FN:147,(anonymous_11)
FN:162,(anonymous_12)
FN:163,(anonymous_13)
FN:170,(anonymous_14)
FN:185,(anonymous_15)
FN:186,(anonymous_16)
FN:192,(anonymous_17)
FN:204,(anonymous_18)
FN:206,(anonymous_19)
FN:218,(anonymous_20)
FN:219,(anonymous_21)
FN:235,(anonymous_22)
FN:236,(anonymous_23)
FN:246,(anonymous_24)
FNF:24
FNH:6
FNDA:5,(anonymous_1)
FNDA:4,(anonymous_2)
FNDA:5,(anonymous_3)
FNDA:5,(anonymous_4)
FNDA:5,(anonymous_5)
FNDA:5,(anonymous_6)
FNDA:0,(anonymous_7)
FNDA:0,(anonymous_8)
FNDA:0,(anonymous_9)
FNDA:0,(anonymous_10)
FNDA:0,(anonymous_11)
FNDA:0,(anonymous_12)
FNDA:0,(anonymous_13)
FNDA:0,(anonymous_14)
FNDA:0,(anonymous_15)
FNDA:0,(anonymous_16)
FNDA:0,(anonymous_17)
FNDA:0,(anonymous_18)
FNDA:0,(anonymous_19)
FNDA:0,(anonymous_20)
FNDA:0,(anonymous_21)
FNDA:0,(anonymous_22)
FNDA:0,(anonymous_23)
FNDA:0,(anonymous_24)
DA:1,1
DA:2,1
DA:3,1
DA:11,1
DA:12,5
DA:13,5
DA:14,2
DA:16,5
DA:17,2
DA:19,5
DA:20,5
DA:21,2
DA:22,1
DA:23,1
DA:25,1
DA:27,4
DA:28,4
DA:29,1
DA:30,1
DA:32,3
DA:33,3
DA:43,1
DA:44,5
DA:45,5
DA:46,1
DA:48,5
DA:49,1
DA:51,5
DA:52,5
DA:53,1
DA:55,5
DA:56,5
DA:57,1
DA:58,1
DA:60,4
DA:61,3
DA:62,3
DA:65,1
DA:66,1
DA:76,1
DA:77,5
DA:78,5
DA:79,5
DA:80,5
DA:81,1
DA:82,1
DA:84,4
DA:85,1
DA:86,1
DA:88,3
DA:89,3
DA:90,3
DA:92,3
DA:93,3
DA:102,1
DA:103,0
DA:104,0
DA:105,0
DA:106,0
DA:107,0
DA:108,0
DA:110,0
DA:111,0
DA:112,0
DA:113,0
DA:114,0
DA:115,0
DA:118,0
DA:119,0
DA:128,1
DA:129,0
DA:131,0
DA:132,0
DA:134,0
DA:135,0
DA:136,0
DA:137,0
DA:138,0
DA:140,0
DA:141,0
DA:142,0
DA:144,0
DA:145,0
DA:146,0
DA:147,0
DA:148,0
DA:149,0
DA:150,0
DA:153,0
DA:154,0
DA:155,0
DA:162,1
DA:163,0
DA:164,0
DA:165,0
DA:166,0
DA:168,0
DA:169,0
DA:170,0
DA:171,0
DA:172,0
DA:173,0
DA:176,0
DA:177,0
DA:185,1
DA:186,0
DA:187,0
DA:188,0
DA:189,0
DA:190,0
DA:192,0
DA:193,0
DA:194,0
DA:195,0
DA:197,0
DA:198,0
DA:204,1
DA:205,0
DA:206,0
DA:207,0
DA:208,0
DA:209,0
DA:211,0
DA:212,0
DA:218,1
DA:219,0
DA:220,0
DA:221,0
DA:222,0
DA:224,0
DA:225,0
DA:226,0
DA:228,0
DA:229,0
DA:230,0
DA:235,1
DA:236,0
DA:237,0
DA:238,0
DA:239,0
DA:241,0
DA:242,0
DA:243,0
DA:245,0
DA:246,0
DA:247,0
DA:248,0
DA:249,0
DA:251,0
DA:252,0
DA:257,1
LF:151
LH:62
BRDA:13,1,0,2
BRDA:13,1,1,3
BRDA:16,2,0,2
BRDA:16,2,1,3
BRDA:20,3,0,2
BRDA:20,3,1,3
BRDA:21,4,0,1
BRDA:21,4,1,1
BRDA:28,5,0,1
BRDA:28,5,1,3
BRDA:45,6,0,1
BRDA:45,6,1,4
BRDA:48,7,0,1
BRDA:48,7,1,4
BRDA:52,8,0,1
BRDA:52,8,1,4
BRDA:56,9,0,1
BRDA:56,9,1,4
BRDA:60,10,0,3
BRDA:60,10,1,1
BRDA:80,11,0,1
BRDA:80,11,1,4
BRDA:84,12,0,1
BRDA:84,12,1,3
BRDA:89,13,0,2
BRDA:89,13,1,1
BRDA:90,14,0,2
BRDA:90,14,1,1
BRDA:106,15,0,0
BRDA:106,15,1,0
BRDA:110,16,0,0
BRDA:110,16,1,0
BRDA:112,17,0,0
BRDA:112,17,1,0
BRDA:113,18,0,0
BRDA:113,18,1,0
BRDA:129,19,0,0
BRDA:129,19,1,0
BRDA:136,20,0,0
BRDA:136,20,1,0
BRDA:140,21,0,0
BRDA:140,21,1,0
BRDA:144,22,0,0
BRDA:144,22,1,0
BRDA:145,23,0,0
BRDA:145,23,1,0
BRDA:148,24,0,0
BRDA:148,24,1,0
BRDA:154,25,0,0
BRDA:154,25,1,0
BRDA:155,26,0,0
BRDA:155,26,1,0
BRDA:164,27,0,0
BRDA:164,27,1,0
BRDA:168,28,0,0
BRDA:168,28,1,0
BRDA:171,29,0,0
BRDA:171,29,1,0
BRDA:187,30,0,0
BRDA:187,30,1,0
BRDA:188,31,0,0
BRDA:188,31,1,0
BRDA:193,32,0,0
BRDA:193,32,1,0
BRDA:207,33,0,0
BRDA:207,33,1,0
BRDA:220,34,0,0
BRDA:220,34,1,0
BRDA:224,35,0,0
BRDA:224,35,1,0
BRDA:237,36,0,0
BRDA:237,36,1,0
BRDA:241,37,0,0
BRDA:241,37,1,0
BRDA:247,38,0,0
BRDA:247,38,1,0
BRF:76
BRH:28
end_of_record
TN:
SF:C:\Projects\MobileDevelopment\ClassMate\models\course.js
FN:34,(anonymous_1)
FNF:1
FNH:0
FNDA:0,(anonymous_1)
DA:1,1
DA:2,1
DA:3,1
DA:5,1
DA:34,1
DA:35,0
DA:38,1
DA:40,1
LF:8
LH:7
BRDA:35,1,0,0
BRDA:35,1,1,0
BRF:2
BRH:0
end_of_record
TN:
SF:C:\Projects\MobileDevelopment\ClassMate\routes\api\users.js
FN:11,(anonymous_1)
FN:25,(anonymous_2)
FN:41,(anonymous_3)
FN:50,(anonymous_4)
FN:62,(anonymous_5)
FN:63,(anonymous_6)
FN:72,(anonymous_7)
FN:84,(anonymous_8)
FN:86,(anonymous_9)
FN:97,(anonymous_10)
FN:98,(anonymous_11)
FN:107,(anonymous_12)
FN:120,(anonymous_13)
FN:126,(anonymous_14)
FN:139,(anonymous_15)
FN:140,(anonymous_16)
FNF:16
FNH:2
FNDA:1,(anonymous_1)
FNDA:1,(anonymous_2)
FNDA:0,(anonymous_3)
FNDA:0,(anonymous_4)
FNDA:0,(anonymous_5)
FNDA:0,(anonymous_6)
FNDA:0,(anonymous_7)
FNDA:0,(anonymous_8)
FNDA:0,(anonymous_9)
FNDA:0,(anonymous_10)
FNDA:0,(anonymous_11)
FNDA:0,(anonymous_12)
FNDA:0,(anonymous_13)
FNDA:0,(anonymous_14)
FNDA:0,(anonymous_15)
FNDA:0,(anonymous_16)
DA:1,1
DA:2,1
DA:3,1
DA:4,1
DA:11,1
DA:12,1
DA:13,1
DA:14,1
DA:15,0
DA:17,1
DA:19,0
DA:20,0
DA:21,0
DA:23,0
DA:25,1
DA:26,1
DA:27,1
DA:28,0
DA:29,0
DA:31,1
DA:32,1
DA:41,1
DA:42,0
DA:43,0
DA:44,0
DA:46,0
DA:47,0
DA:48,0
DA:50,0
DA:51,0
DA:52,0
DA:53,0
DA:54,0
DA:56,0
DA:57,0
DA:62,1
DA:63,0
DA:64,0
DA:65,0
DA:66,0
DA:68,0
DA:69,0
DA:70,0
DA:72,0
DA:73,0
DA:74,0
DA:75,0
DA:77,0
DA:78,0
DA:84,1
DA:85,0
DA:86,0
DA:87,0
DA:88,0
DA:89,0
DA:91,0
DA:92,0
DA:97,1
DA:98,0
DA:99,0
DA:100,0
DA:101,0
DA:103,0
DA:104,0
DA:105,0
DA:107,0
DA:108,0
DA:109,0
DA:110,0
DA:112,0
DA:113,0
DA:114,0
DA:116,0
DA:117,0
DA:118,0
DA:119,0
DA:120,0
DA:121,0
DA:122,0
DA:123,0
DA:126,0
DA:127,0
DA:128,0
DA:129,0
DA:132,0
DA:133,0
DA:139,1
DA:140,0
DA:141,0
DA:142,0
DA:143,0
DA:145,0
DA:146,0
DA:147,0
DA:149,0
DA:150,0
DA:151,0
DA:154,1
LF:98
LH:20
BRDA:14,1,0,0
BRDA:14,1,1,1
BRDA:17,2,0,0
BRDA:17,2,1,1
BRDA:19,3,0,0
BRDA:19,3,1,0
BRDA:26,4,0,0
BRDA:26,4,1,1
BRDA:27,5,0,0
BRDA:27,5,1,1
BRDA:43,6,0,0
BRDA:43,6,1,0
BRDA:47,7,0,0
BRDA:47,7,1,0
BRDA:51,8,0,0
BRDA:51,8,1,0
BRDA:52,9,0,0
BRDA:52,9,1,0
BRDA:64,10,0,0
BRDA:64,10,1,0
BRDA:68,11,0,0
BRDA:68,11,1,0
BRDA:73,12,0,0
BRDA:73,12,1,0
BRDA:87,13,0,0
BRDA:87,13,1,0
BRDA:99,14,0,0
BRDA:99,14,1,0
BRDA:103,15,0,0
BRDA:103,15,1,0
BRDA:108,16,0,0
BRDA:108,16,1,0
BRDA:112,17,0,0
BRDA:112,17,1,0
BRDA:116,18,0,0
BRDA:116,18,1,0
BRDA:118,19,0,0
BRDA:118,19,1,0
BRDA:121,20,0,0
BRDA:121,20,1,0
BRDA:127,21,0,0
BRDA:127,21,1,0
BRDA:141,22,0,0
BRDA:141,22,1,0
BRDA:145,23,0,0
BRDA:145,23,1,0
BRF:46
BRH:4
end_of_record
TN:
SF:C:\Projects\MobileDevelopment\ClassMate\models\user.js
FN:26,(anonymous_1)
FN:31,(anonymous_2)
FNF:2
FNH:0
FNDA:0,(anonymous_1)
FNDA:0,(anonymous_2)
DA:3,1
DA:4,1
DA:5,1
DA:8,1
DA:26,1
DA:27,0
DA:31,1
DA:32,0
DA:36,1
LF:9
LH:7
BRF:0
BRH:0
end_of_record
