TN:
SF:C:\Projects\MobileDevelopment\ClassMate\routes\api\courses.js
FN:8,(anonymous_1)
FN:9,(anonymous_2)
FN:16,(anonymous_3)
FN:23,(anonymous_4)
FN:24,(anonymous_5)
FN:31,(anonymous_6)
FN:32,(anonymous_7)
FN:39,(anonymous_8)
FN:40,(anonymous_9)
FN:48,(anonymous_10)
FN:49,(anonymous_11)
FN:60,(anonymous_12)
FN:61,(anonymous_13)
FN:72,(anonymous_14)
FN:73,(anonymous_15)
FN:80,(anonymous_16)
FN:81,(anonymous_17)
FN:92,(anonymous_18)
FN:93,(anonymous_19)
FN:104,(anonymous_20)
FN:105,(anonymous_21)
FN:111,(anonymous_22)
FN:122,(anonymous_23)
FN:123,(anonymous_24)
FN:125,(anonymous_25)
FN:136,(anonymous_26)
FN:137,(anonymous_27)
FN:139,(anonymous_28)
FN:150,(anonymous_29)
FN:151,(anonymous_30)
FN:157,(anonymous_31)
FN:168,(anonymous_32)
FN:169,(anonymous_33)
FN:170,(anonymous_34)
FN:178,(anonymous_35)
FN:180,(anonymous_36)
FN:188,(anonymous_37)
FN:189,(anonymous_38)
FNF:38
FNH:34
FNDA:10,(anonymous_1)
FNDA:10,(anonymous_2)
FNDA:0,(anonymous_3)
FNDA:1,(anonymous_4)
FNDA:1,(anonymous_5)
FNDA:1,(anonymous_6)
FNDA:1,(anonymous_7)
FNDA:1,(anonymous_8)
FNDA:1,(anonymous_9)
FNDA:5,(anonymous_10)
FNDA:5,(anonymous_11)
FNDA:1,(anonymous_12)
FNDA:1,(anonymous_13)
FNDA:1,(anonymous_14)
FNDA:1,(anonymous_15)
FNDA:1,(anonymous_16)
FNDA:1,(anonymous_17)
FNDA:1,(anonymous_18)
FNDA:1,(anonymous_19)
FNDA:1,(anonymous_20)
FNDA:1,(anonymous_21)
FNDA:1,(anonymous_22)
FNDA:1,(anonymous_23)
FNDA:1,(anonymous_24)
FNDA:1,(anonymous_25)
FNDA:0,(anonymous_26)
FNDA:0,(anonymous_27)
FNDA:0,(anonymous_28)
FNDA:1,(anonymous_29)
FNDA:1,(anonymous_30)
FNDA:1,(anonymous_31)
FNDA:1,(anonymous_32)
FNDA:1,(anonymous_33)
FNDA:1,(anonymous_34)
FNDA:2,(anonymous_35)
FNDA:2,(anonymous_36)
FNDA:1,(anonymous_37)
FNDA:1,(anonymous_38)
DA:1,1
DA:2,1
DA:3,1
DA:4,1
DA:8,1
DA:9,10
DA:10,10
DA:11,10
DA:16,1
DA:17,0
DA:18,0
DA:19,0
DA:23,1
DA:24,1
DA:25,1
DA:26,1
DA:31,1
DA:32,1
DA:33,1
DA:34,1
DA:39,1
DA:40,1
DA:41,1
DA:42,1
DA:48,1
DA:49,5
DA:50,5
DA:51,5
DA:52,5
DA:54,5
DA:55,5
DA:60,1
DA:61,1
DA:62,1
DA:63,1
DA:64,1
DA:66,1
DA:67,1
DA:72,1
DA:73,1
DA:74,1
DA:75,1
DA:80,1
DA:81,1
DA:82,1
DA:83,1
DA:84,1
DA:86,1
DA:87,1
DA:92,1
DA:93,1
DA:94,1
DA:95,1
DA:96,1
DA:98,1
DA:99,1
DA:104,1
DA:105,1
DA:106,1
DA:107,1
DA:108,1
DA:110,1
DA:111,1
DA:112,1
DA:114,1
DA:115,1
DA:122,1
DA:123,1
DA:124,1
DA:125,1
DA:126,1
DA:128,1
DA:129,1
DA:136,1
DA:137,0
DA:138,0
DA:139,0
DA:140,0
DA:142,0
DA:143,0
DA:150,1
DA:151,1
DA:152,1
DA:153,1
DA:154,1
DA:156,1
DA:157,1
DA:158,1
DA:160,1
DA:161,1
DA:168,1
DA:169,1
DA:170,1
DA:171,1
DA:172,1
DA:178,1
DA:179,2
DA:180,2
DA:181,2
DA:182,2
DA:188,1
DA:189,1
DA:190,1
DA:191,1
DA:192,1
DA:196,1
LF:106
LH:97
BRDA:112,1,0,0
BRDA:112,1,1,1
BRDA:126,2,0,0
BRDA:126,2,1,1
BRDA:140,3,0,0
BRDA:140,3,1,0
BRDA:158,4,0,0
BRDA:158,4,1,1
BRF:8
BRH:3
end_of_record
TN:
SF:C:\Projects\MobileDevelopment\ClassMate\models\course.js
FN:34,(anonymous_1)
FNF:1
FNH:1
FNDA:5,(anonymous_1)
DA:1,1
DA:2,1
DA:3,1
DA:5,1
DA:34,1
DA:35,5
DA:38,1
DA:40,1
LF:8
LH:8
BRDA:35,1,0,5
BRDA:35,1,1,5
BRF:2
BRH:2
end_of_record
TN:
SF:C:\Projects\MobileDevelopment\ClassMate\routes\api\users.js
FN:8,(anonymous_1)
FN:9,(anonymous_2)
FN:16,(anonymous_3)
FN:23,(anonymous_4)
FN:24,(anonymous_5)
FN:31,(anonymous_6)
FN:33,(anonymous_7)
FN:35,(anonymous_8)
FN:43,(anonymous_9)
FN:45,(anonymous_10)
FN:52,(anonymous_11)
FN:55,(anonymous_12)
FN:60,(anonymous_13)
FN:64,(anonymous_14)
FN:66,(anonymous_15)
FN:79,(anonymous_16)
FN:80,(anonymous_17)
FNF:17
FNH:8
FNDA:4,(anonymous_1)
FNDA:4,(anonymous_2)
FNDA:0,(anonymous_3)
FNDA:1,(anonymous_4)
FNDA:1,(anonymous_5)
FNDA:0,(anonymous_6)
FNDA:0,(anonymous_7)
FNDA:0,(anonymous_8)
FNDA:2,(anonymous_9)
FNDA:2,(anonymous_10)
FNDA:0,(anonymous_11)
FNDA:0,(anonymous_12)
FNDA:0,(anonymous_13)
FNDA:0,(anonymous_14)
FNDA:0,(anonymous_15)
FNDA:1,(anonymous_16)
FNDA:1,(anonymous_17)
DA:1,1
DA:2,1
DA:3,1
DA:4,1
DA:5,1
DA:8,1
DA:9,4
DA:10,4
DA:11,4
DA:16,1
DA:17,0
DA:18,0
DA:19,0
DA:23,1
DA:24,1
DA:25,1
DA:26,1
DA:31,1
DA:32,0
DA:33,0
DA:34,0
DA:35,0
DA:36,0
DA:37,0
DA:43,1
DA:44,2
DA:45,2
DA:46,2
DA:47,2
DA:52,1
DA:53,0
DA:54,0
DA:55,0
DA:56,0
DA:57,0
DA:59,0
DA:60,0
DA:61,0
DA:62,0
DA:64,0
DA:65,0
DA:66,0
DA:67,0
DA:68,0
DA:70,0
DA:71,0
DA:79,1
DA:80,1
DA:81,1
DA:82,1
DA:83,1
DA:87,1
LF:52
LH:27
BRDA:56,1,0,0
BRDA:56,1,1,0
BRDA:61,2,0,0
BRDA:61,2,1,0
BRDA:67,3,0,0
BRDA:67,3,1,0
BRF:6
BRH:0
end_of_record
TN:
SF:C:\Projects\MobileDevelopment\ClassMate\models\user.js
FN:26,(anonymous_1)
FN:31,(anonymous_2)
FNF:2
FNH:0
FNDA:0,(anonymous_1)
FNDA:0,(anonymous_2)
DA:3,1
DA:4,1
DA:5,1
DA:8,1
DA:26,1
DA:27,0
DA:31,1
DA:32,0
DA:36,1
LF:9
LH:7
BRF:0
BRH:0
end_of_record
